[    0.000000] Initializing cgroup subsys cpuset
[    0.000000] Initializing cgroup subsys cpu
[    0.000000] Initializing cgroup subsys cpuacct
[    0.000000] Linux version 4.4.0-166-generic (buildd@lcy01-amd64-020) (gcc version 5.4.0 20160609 (Ubuntu 5.4.0-6ubuntu1~16.04.10) ) #195-Ubuntu SMP Tue Oct 1 09:35:25 UTC 2019 (Ubuntu 4.4.0-166.195-generic 4.4.194)
[    0.000000] Command line: BOOT_IMAGE=/boot/vmlinuz-4.4.0-166-generic root=LABEL=cloudimg-rootfs ro console=tty1 console=ttyS0
[    0.000000] KERNEL supported cpus:
[    0.000000]   Intel GenuineIntel
[    0.000000]   AMD AuthenticAMD
[    0.000000]   Centaur CentaurHauls
[    0.000000] x86/fpu: xstate_offset[2]:  576, xstate_sizes[2]:  256
[    0.000000] x86/fpu: Supporting XSAVE feature 0x01: 'x87 floating point registers'
[    0.000000] x86/fpu: Supporting XSAVE feature 0x02: 'SSE registers'
[    0.000000] x86/fpu: Supporting XSAVE feature 0x04: 'AVX registers'
[    0.000000] x86/fpu: Enabled xstate features 0x7, context size is 832 bytes, using 'standard' format.
[    0.000000] e820: BIOS-provided physical RAM map:
[    0.000000] BIOS-e820: [mem 0x0000000000000000-0x000000000009fbff] usable
[    0.000000] BIOS-e820: [mem 0x000000000009fc00-0x000000000009ffff] reserved
[    0.000000] BIOS-e820: [mem 0x00000000000f0000-0x00000000000fffff] reserved
[    0.000000] BIOS-e820: [mem 0x0000000000100000-0x000000003ffeffff] usable
[    0.000000] BIOS-e820: [mem 0x000000003fff0000-0x000000003fffffff] ACPI data
[    0.000000] BIOS-e820: [mem 0x00000000fec00000-0x00000000fec00fff] reserved
[    0.000000] BIOS-e820: [mem 0x00000000fee00000-0x00000000fee00fff] reserved
[    0.000000] BIOS-e820: [mem 0x00000000fffc0000-0x00000000ffffffff] reserved
[    0.000000] NX (Execute Disable) protection: active
[    0.000000] SMBIOS 2.5 present.
[    0.000000] Hypervisor detected: KVM
[    0.000000] e820: last_pfn = 0x3fff0 max_arch_pfn = 0x400000000
[    0.000000] MTRR: Disabled
[    0.000000] x86/PAT: MTRRs disabled, skipping PAT initialization too.
[    0.000000] CPU MTRRs all blank - virtualized system.
[    0.000000] x86/PAT: Configuration [0-7]: WB  WT  UC- UC  WB  WT  UC- UC  
[    0.000000] found SMP MP-table at [mem 0x0009fff0-0x0009ffff] mapped at [ffff88000009fff0]
[    0.000000] Scanning 1 areas for low memory corruption
[    0.000000] RAMDISK: [mem 0x362f6000-0x37172fff]
[    0.000000] ACPI: Early table checksum verification disabled
[    0.000000] ACPI: RSDP 0x00000000000E0000 000024 (v02 VBOX  )
[    0.000000] ACPI: XSDT 0x000000003FFF0030 00003C (v01 VBOX   VBOXXSDT 00000001 ASL  00000061)
[    0.000000] ACPI: FACP 0x000000003FFF00F0 0000F4 (v04 VBOX   VBOXFACP 00000001 ASL  00000061)
[    0.000000] ACPI: DSDT 0x000000003FFF0470 0022EA (v02 VBOX   VBOXBIOS 00000002 INTL 20100528)
[    0.000000] ACPI: FACS 0x000000003FFF0200 000040
[    0.000000] ACPI: FACS 0x000000003FFF0200 000040
[    0.000000] ACPI: APIC 0x000000003FFF0240 00005C (v02 VBOX   VBOXAPIC 00000001 ASL  00000061)
[    0.000000] ACPI: SSDT 0x000000003FFF02A0 0001CC (v01 VBOX   VBOXCPUT 00000002 INTL 20100528)
[    0.000000] No NUMA configuration found
[    0.000000] Faking a node at [mem 0x0000000000000000-0x000000003ffeffff]
[    0.000000] NODE_DATA(0) allocated [mem 0x3ffeb000-0x3ffeffff]
[    0.000000] kvm-clock: Using msrs 4b564d01 and 4b564d00
[    0.000000] kvm-clock: cpu 0, msr 0:3ffe3001, primary cpu clock
[    0.000000] kvm-clock: using sched offset of 3965947539 cycles
[    0.000000] clocksource: kvm-clock: mask: 0xffffffffffffffff max_cycles: 0x1cd42e4dffb, max_idle_ns: 881590591483 ns
[    0.000000] Zone ranges:
[    0.000000]   DMA      [mem 0x0000000000001000-0x0000000000ffffff]
[    0.000000]   DMA32    [mem 0x0000000001000000-0x000000003ffeffff]
[    0.000000]   Normal   empty
[    0.000000]   Device   empty
[    0.000000] Movable zone start for each node
[    0.000000] Early memory node ranges
[    0.000000]   node   0: [mem 0x0000000000001000-0x000000000009efff]
[    0.000000]   node   0: [mem 0x0000000000100000-0x000000003ffeffff]
[    0.000000] Initmem setup node 0 [mem 0x0000000000001000-0x000000003ffeffff]
[    0.000000] ACPI: PM-Timer IO Port: 0x4008
[    0.000000] IOAPIC[0]: apic_id 2, version 32, address 0xfec00000, GSI 0-23
[    0.000000] ACPI: INT_SRC_OVR (bus 0 bus_irq 0 global_irq 2 dfl dfl)
[    0.000000] ACPI: INT_SRC_OVR (bus 0 bus_irq 9 global_irq 9 low level)
[    0.000000] Using ACPI (MADT) for SMP configuration information
[    0.000000] smpboot: Allowing 2 CPUs, 0 hotplug CPUs
[    0.000000] PM: Registered nosave memory: [mem 0x00000000-0x00000fff]
[    0.000000] PM: Registered nosave memory: [mem 0x0009f000-0x0009ffff]
[    0.000000] PM: Registered nosave memory: [mem 0x000a0000-0x000effff]
[    0.000000] PM: Registered nosave memory: [mem 0x000f0000-0x000fffff]
[    0.000000] e820: [mem 0x40000000-0xfebfffff] available for PCI devices
[    0.000000] Booting paravirtualized kernel on KVM
[    0.000000] clocksource: refined-jiffies: mask: 0xffffffff max_cycles: 0xffffffff, max_idle_ns: 7645519600211568 ns
[    0.000000] setup_percpu: NR_CPUS:512 nr_cpumask_bits:512 nr_cpu_ids:2 nr_node_ids:1
[    0.000000] PERCPU: Embedded 34 pages/cpu @ffff88003fc00000 s99544 r8192 d31528 u1048576
[    0.000000] Built 1 zonelists in Node order, mobility grouping on.  Total pages: 257912
[    0.000000] Policy zone: DMA32
[    0.000000] Kernel command line: BOOT_IMAGE=/boot/vmlinuz-4.4.0-166-generic root=LABEL=cloudimg-rootfs ro console=tty1 console=ttyS0
[    0.000000] PID hash table entries: 4096 (order: 3, 32768 bytes)
[    0.000000] Memory: 997712K/1048120K available (8623K kernel code, 1336K rwdata, 4036K rodata, 1488K init, 1288K bss, 50408K reserved, 0K cma-reserved)
[    0.000000] SLUB: HWalign=64, Order=0-3, MinObjects=0, CPUs=2, Nodes=1
[    0.000000] Kernel/User page tables isolation: enabled
[    0.000000] Hierarchical RCU implementation.
[    0.000000] 	Build-time adjustment of leaf fanout to 64.
[    0.000000] 	RCU restricting CPUs from NR_CPUS=512 to nr_cpu_ids=2.
[    0.000000] RCU: Adjusting geometry for rcu_fanout_leaf=64, nr_cpu_ids=2
[    0.000000] NR_IRQS:33024 nr_irqs:440 16
[    0.000000] Console: colour VGA+ 80x25
[    0.000000] console [tty1] enabled
[    0.000000] console [ttyS0] enabled
[    0.000000] tsc: Detected 2904.000 MHz processor
[    0.270300] Calibrating delay loop (skipped) preset value.. 5808.00 BogoMIPS (lpj=11616000)
[    0.272525] pid_max: default: 32768 minimum: 301
[    0.273772] ACPI: Core revision 20150930
[    0.277210] ACPI: 2 ACPI AML tables successfully acquired and loaded
[    0.278877] Security Framework initialized
[    0.279887] Yama: becoming mindful.
[    0.280863] AppArmor: AppArmor initialized
[    0.282053] Dentry cache hash table entries: 131072 (order: 8, 1048576 bytes)
[    0.289336] Inode-cache hash table entries: 65536 (order: 7, 524288 bytes)
[    0.291443] Mount-cache hash table entries: 2048 (order: 2, 16384 bytes)
[    0.293423] Mountpoint-cache hash table entries: 2048 (order: 2, 16384 bytes)
[    0.295668] Initializing cgroup subsys io
[    0.297140] Initializing cgroup subsys memory
[    0.298638] Initializing cgroup subsys devices
[    0.300290] Initializing cgroup subsys freezer
[    0.301694] Initializing cgroup subsys net_cls
[    0.303071] Initializing cgroup subsys perf_event
[    0.304452] Initializing cgroup subsys net_prio
[    0.306282] Initializing cgroup subsys hugetlb
[    0.307826] Initializing cgroup subsys pids
[    0.311298] mce: CPU supports 0 MCE banks
[    0.312855] Last level iTLB entries: 4KB 64, 2MB 8, 4MB 8
[    0.314694] Last level dTLB entries: 4KB 64, 2MB 0, 4MB 0, 1GB 4
[    0.316502] Spectre V1 : Mitigation: usercopy/swapgs barriers and __user pointer sanitization
[    0.319351] Spectre V2 : Mitigation: Full generic retpoline
[    0.320859] Spectre V2 : Spectre v2 / SpectreRSB mitigation: Filling RSB on context switch
[    0.323232] Speculative Store Bypass: Vulnerable
[    0.324621] MDS: Vulnerable: Clear CPU buffers attempted, no microcode
[    0.334017] Freeing SMP alternatives memory: 36K
[    0.347036] ftrace: allocating 32296 entries in 127 pages
[    0.479820] smpboot: APIC(0) Converting physical 0 to logical package 0
[    0.481703] smpboot: Max logical packages: 1
[    0.483521] x2apic enabled
[    0.484851] Switched APIC routing to physical x2apic.
[    0.489620] ..TIMER: vector=0x30 apic1=0 pin1=2 apic2=-1 pin2=-1
[    0.599413] smpboot: CPU0: Intel(R) Core(TM) i7-7500U CPU @ 2.70GHz (family: 0x6, model: 0x8e, stepping: 0x9)
[    0.603192] Performance Events: unsupported p6 CPU model 142 no PMU driver, software events only.
[    0.626486] KVM setup paravirtual spinlock
[    0.629579] x86: Booting SMP configuration:
[    0.631072] .... node  #0, CPUs:      #1
[    0.632307] kvm-clock: cpu 1, msr 0:3ffe3041, secondary cpu clock
[    0.635616] mce: CPU supports 0 MCE banks
[    0.639442] x86: Booted up 1 node, 2 CPUs
[    0.643733] smpboot: Total of 2 processors activated (11616.00 BogoMIPS)
[    0.649968] devtmpfs: initialized
[    0.657855] evm: security.selinux
[    0.660921] evm: security.SMACK64
[    0.663794] evm: security.SMACK64EXEC
[    0.667027] evm: security.SMACK64TRANSMUTE
[    0.670272] evm: security.SMACK64MMAP
[    0.673502] evm: security.ima
[    0.676153] evm: security.capability
[    0.679870] clocksource: jiffies: mask: 0xffffffff max_cycles: 0xffffffff, max_idle_ns: 7645041785100000 ns
[    0.687340] futex hash table entries: 512 (order: 3, 32768 bytes)
[    0.692214] pinctrl core: initialized pinctrl subsystem
[    0.695862] RTC time: 12:17:48, date: 01/10/20
[    0.698586] NET: Registered protocol family 16
[    0.711464] cpuidle: using governor ladder
[    0.723754] cpuidle: using governor menu
[    0.726000] PCCT header not found.
[    0.728053] ACPI: bus type PCI registered
[    0.730102] acpiphp: ACPI Hot Plug PCI Controller Driver version: 0.5
[    0.733087] PCI: Using configuration type 1 for base access
[    0.749441] ACPI: Added _OSI(Module Device)
[    0.751769] ACPI: Added _OSI(Processor Device)
[    0.753980] ACPI: Added _OSI(3.0 _SCP Extensions)
[    0.756418] ACPI: Added _OSI(Processor Aggregator Device)
[    0.760863] ACPI: Executed 1 blocks of module-level executable AML code
[    0.770429] ACPI: Interpreter enabled
[    0.772567] ACPI: (supports S0 S5)
[    0.774290] ACPI: Using IOAPIC for interrupt routing
[    0.777484] PCI: Using host bridge windows from ACPI; if necessary, use "pci=nocrs" and report a bug
[    0.790567] ACPI: PCI Root Bridge [PCI0] (domain 0000 [bus 00-ff])
[    0.792447] acpi PNP0A03:00: _OSC: OS supports [ASPM ClockPM Segments MSI]
[    0.794978] acpi PNP0A03:00: _OSC: not requesting OS control; OS requires [ExtendedConfig ASPM ClockPM MSI]
[    0.797649] acpi PNP0A03:00: fail to add MMCONFIG information, can't access extended PCI configuration space under this bridge.
[    0.802015] PCI host bridge to bus 0000:00
[    0.803680] pci_bus 0000:00: root bus resource [io  0x0000-0x0cf7 window]
[    0.805729] pci_bus 0000:00: root bus resource [io  0x0d00-0xffff window]
[    0.807745] pci_bus 0000:00: root bus resource [mem 0x000a0000-0x000bffff window]
[    0.810242] pci_bus 0000:00: root bus resource [mem 0x40000000-0xfdffffff window]
[    0.813923] pci_bus 0000:00: root bus resource [bus 00-ff]
[    0.820844] pci 0000:00:01.1: legacy IDE quirk: reg 0x10: [io  0x01f0-0x01f7]
[    0.822894] pci 0000:00:01.1: legacy IDE quirk: reg 0x14: [io  0x03f6]
[    0.824862] pci 0000:00:01.1: legacy IDE quirk: reg 0x18: [io  0x0170-0x0177]
[    0.827185] pci 0000:00:01.1: legacy IDE quirk: reg 0x1c: [io  0x0376]
[    0.885243] pci 0000:00:07.0: quirk: [io  0x4000-0x403f] claimed by PIIX4 ACPI
[    0.888046] pci 0000:00:07.0: quirk: [io  0x4100-0x410f] claimed by PIIX4 SMB
[    0.908823] ACPI: PCI Interrupt Link [LNKA] (IRQs 5 9 10 *11)
[    0.911848] ACPI: PCI Interrupt Link [LNKB] (IRQs 5 9 *10 11)
[    0.914483] ACPI: PCI Interrupt Link [LNKC] (IRQs 5 *9 10 11)
[    0.917178] ACPI: PCI Interrupt Link [LNKD] (IRQs 5 9 10 *11)
[    0.919845] ACPI: Enabled 2 GPEs in block 00 to 07
[    0.921898] vgaarb: setting as boot device: PCI:0000:00:02.0
[    0.923189] vgaarb: device added: PCI:0000:00:02.0,decodes=io+mem,owns=io+mem,locks=none
[    0.925290] vgaarb: loaded
[    0.926078] vgaarb: bridge control possible 0000:00:02.0
[    0.927627] SCSI subsystem initialized
[    0.928845] ACPI: bus type USB registered
[    0.929965] usbcore: registered new interface driver usbfs
[    0.931678] usbcore: registered new interface driver hub
[    0.932942] usbcore: registered new device driver usb
[    0.934559] PCI: Using ACPI for IRQ routing
[    0.935929] NetLabel: Initializing
[    0.936899] NetLabel:  domain hash size = 128
[    0.938173] NetLabel:  protocols = UNLABELED CIPSOv4
[    0.943880] NetLabel:  unlabeled traffic allowed by default
[    0.946076] amd_nb: Cannot enumerate AMD northbridges
[    0.947880] clocksource: Switched to clocksource kvm-clock
[    0.972091] AppArmor: AppArmor Filesystem Enabled
[    0.973656] pnp: PnP ACPI init
[    0.976768] pnp: PnP ACPI: found 3 devices
[    0.996721] clocksource: acpi_pm: mask: 0xffffff max_cycles: 0xffffff, max_idle_ns: 2085701024 ns
[    1.000226] NET: Registered protocol family 2
[    1.002108] TCP established hash table entries: 8192 (order: 4, 65536 bytes)
[    1.004867] TCP bind hash table entries: 8192 (order: 5, 131072 bytes)
[    1.007235] TCP: Hash tables configured (established 8192 bind 8192)
[    1.009490] UDP hash table entries: 512 (order: 2, 16384 bytes)
[    1.011992] UDP-Lite hash table entries: 512 (order: 2, 16384 bytes)
[    1.014516] NET: Registered protocol family 1
[    1.016222] pci 0000:00:00.0: Limiting direct PCI/PCI transfers
[    1.018179] pci 0000:00:01.0: Activating ISA DMA hang workarounds
[    1.020778] Unpacking initramfs...
[    1.438876] Freeing initrd memory: 14836K
[    1.440439] clocksource: tsc: mask: 0xffffffffffffffff max_cycles: 0x29dc05e54fc, max_idle_ns: 440795291716 ns
[    1.444126] platform rtc_cmos: registered platform RTC device (no PNP device found)
[    1.446963] Scanning for low memory corruption every 60 seconds
[    1.450291] audit: initializing netlink subsys (disabled)
[    1.452393] audit: type=2000 audit(1578658674.772:1): initialized
[    1.454584] Initialise system trusted keyring
[    1.456377] HugeTLB registered 2 MB page size, pre-allocated 0 pages
[    1.459824] zbud: loaded
[    1.461525] VFS: Disk quotas dquot_6.6.0
[    1.462860] VFS: Dquot-cache hash table entries: 512 (order 0, 4096 bytes)
[    1.464965] squashfs: version 4.0 (2009/01/31) Phillip Lougher
[    1.467136] fuse init (API version 7.23)
[    1.468392] Key type big_key registered
[    1.469616] Allocating IMA MOK and blacklist keyrings.
[    1.476026] Key type asymmetric registered
[    1.477724] Asymmetric key parser 'x509' registered
[    1.479238] Block layer SCSI generic (bsg) driver version 0.4 loaded (major 249)
[    1.481526] io scheduler noop registered
[    1.482727] io scheduler deadline registered (default)
[    1.484400] io scheduler cfq registered
[    1.485560] pci_hotplug: PCI Hot Plug PCI Core version: 0.5
[    1.486898] pciehp: PCI Express Hot Plug Controller Driver version: 0.4
[    1.489096] ACPI: AC Adapter [AC] (off-line)
[    1.490474] input: Power Button as /devices/LNXSYSTM:00/LNXPWRBN:00/input/input0
[    1.492697] ACPI: Power Button [PWRF]
[    1.493942] input: Sleep Button as /devices/LNXSYSTM:00/LNXSLPBN:00/input/input1
[    1.496220] ACPI: Sleep Button [SLPF]
[    1.498368] ACPI: Battery Slot [BAT0] (battery present)
[    1.499924] GHES: HEST is not enabled!
[    1.501245] Serial: 8250/16550 driver, 32 ports, IRQ sharing enabled
[    1.524794] 00:02: ttyS0 at I/O 0x3f8 (irq = 4, base_baud = 115200) is a 16550A
[    1.529149] Linux agpgart interface v0.103
[    1.534071] loop: module loaded
[    1.536331] scsi host0: ata_piix
[    1.537949] scsi host1: ata_piix
[    1.539115] ata1: PATA max UDMA/33 cmd 0x1f0 ctl 0x3f6 bmdma 0xd000 irq 14
[    1.541179] ata2: PATA max UDMA/33 cmd 0x170 ctl 0x376 bmdma 0xd008 irq 15
[    1.543019] libphy: Fixed MDIO Bus: probed
[    1.544242] tun: Universal TUN/TAP device driver, 1.6
[    1.545573] tun: (C) 1999-2004 Max Krasnyansky <maxk@qualcomm.com>
[    1.547174] PPP generic driver version 2.4.2
[    1.548606] ehci_hcd: USB 2.0 'Enhanced' Host Controller (EHCI) Driver
[    1.550159] ehci-pci: EHCI PCI platform driver
[    1.551282] ehci-platform: EHCI generic platform driver
[    1.552587] ohci_hcd: USB 1.1 'Open' Host Controller (OHCI) Driver
[    1.554025] ohci-pci: OHCI PCI platform driver
[    1.555178] ohci-platform: OHCI generic platform driver
[    1.556516] uhci_hcd: USB Universal Host Controller Interface driver
[    1.558030] i8042: PNP: PS/2 Controller [PNP0303:PS2K,PNP0f03:PS2M] at 0x60,0x64 irq 1,12
[    1.560726] serio: i8042 KBD port at 0x60,0x64 irq 1
[    1.561942] serio: i8042 AUX port at 0x60,0x64 irq 12
[    1.563272] mousedev: PS/2 mouse device common for all mice
[    1.565338] rtc_cmos rtc_cmos: rtc core: registered rtc_cmos as rtc0
[    1.566875] rtc_cmos rtc_cmos: alarms up to one day, 114 bytes nvram
[    1.568382] input: AT Translated Set 2 keyboard as /devices/platform/i8042/serio0/input/input2
[    1.570565] i2c /dev entries driver
[    1.571656] device-mapper: uevent: version 1.0.3
[    1.572904] device-mapper: ioctl: 4.34.0-ioctl (2015-10-28) initialised: dm-devel@redhat.com
[    1.574967] ledtrig-cpu: registered to indicate activity on CPUs
[    1.577066] NET: Registered protocol family 10
[    1.578447] NET: Registered protocol family 17
[    1.579611] Key type dns_resolver registered
[    1.580945] registered taskstats version 1
[    1.582049] Loading compiled-in X.509 certificates
[    1.583970] Loaded X.509 cert 'Build time autogenerated kernel key: 75bc1b51278a37d3abb49bab6b1b0161a6cc9ec0'
[    1.586350] zswap: loaded using pool lzo/zbud
[    1.591947] Key type trusted registered
[    1.600274] Key type encrypted registered
[    1.601710] AppArmor: AppArmor sha1 policy hashing enabled
[    1.603676] ima: No TPM chip found, activating TPM-bypass!
[    1.605281] ima: Allocated hash algorithm: sha1
[    1.606608] evm: HMAC attrs: 0x1
[    1.608527]   Magic number: 4:710:278
[    1.609941] tty tty15: hash matches
[    1.611411] rtc_cmos rtc_cmos: setting system clock to 2020-01-10 12:17:49 UTC (1578658669)
[    1.615481] BIOS EDD facility v0.16 2004-Jun-25, 0 devices found
[    1.618227] EDD information not available.
[    1.709638] Freeing unused kernel memory: 1488K
[    1.720332] Write protecting the kernel read-only data: 14336k
[    1.737212] Freeing unused kernel memory: 1604K
[    1.747994] Freeing unused kernel memory: 60K
Loading, please wait...
starting version 229
[    1.825703] random: systemd-udevd: uninitialized urandom read (16 bytes read, 3 bits of entropy available)
[    1.830809] random: udevadm: uninitialized urandom read (16 bytes read, 3 bits of entropy available)
[    1.830970] random: udevadm: uninitialized urandom read (16 bytes read, 3 bits of entropy available)
[    1.857435] random: systemd-udevd: uninitialized urandom read (16 bytes read, 3 bits of entropy available)
[    1.864663] random: systemd-udevd: uninitialized urandom read (16 bytes read, 3 bits of entropy available)
[    1.867599] random: udevadm: uninitialized urandom read (16 bytes read, 3 bits of entropy available)
[    1.867663] random: udevadm: uninitialized urandom read (16 bytes read, 3 bits of entropy available)
[    1.867882] random: udevadm: uninitialized urandom read (16 bytes read, 3 bits of entropy available)
[    1.868029] random: udevadm: uninitialized urandom read (16 bytes read, 3 bits of entropy available)
[    1.868111] random: udevadm: uninitialized urandom read (16 bytes read, 3 bits of entropy available)
[    1.958587] e1000: Intel(R) PRO/1000 Network Driver - version 7.3.21-k8-NAPI
[    1.961260] e1000: Copyright (c) 1999-2006 Intel Corporation.
[    1.968422] Fusion MPT base driver 3.04.20
[    1.969970] Copyright (c) 1999-2008 LSI Corporation
[    2.018921] AVX2 version of gcm_enc/dec engaged.
[    2.021209] AES CTR mode by8 optimization enabled
[    2.023726] Fusion MPT SPI Host driver 3.04.20
[    2.178170] input: ImExPS/2 Generic Explorer Mouse as /devices/platform/i8042/serio1/input/input4
[    2.486905] e1000 0000:00:03.0 eth0: (PCI:33MHz:32-bit) 02:95:cf:22:ea:76
[    2.500366] e1000 0000:00:03.0 eth0: Intel(R) PRO/1000 Network Connection
[    2.514953] mptbase: ioc0: Initiating bringup
[    2.586908] ioc0: LSI53C1030 A0: Capabilities={Initiator}
[    2.790544] scsi host2: ioc0: LSI53C1030 A0, FwRev=00000000h, Ports=1, MaxQ=256, IRQ=20
[    2.923189] scsi 2:0:0:0: Direct-Access     VBOX     HARDDISK         1.0  PQ: 0 ANSI: 5
[    2.943514] scsi target2:0:0: Beginning Domain Validation
[    2.974039] scsi target2:0:0: Domain Validation skipping write tests
[    2.989526] scsi target2:0:0: Ending Domain Validation
[    3.003516] scsi target2:0:0: asynchronous
[    3.023442] scsi 2:0:1:0: Direct-Access     VBOX     HARDDISK         1.0  PQ: 0 ANSI: 5
[    3.046335] scsi target2:0:1: Beginning Domain Validation
[    3.076805] scsi target2:0:1: Domain Validation skipping write tests
[    3.088181] scsi target2:0:1: Ending Domain Validation
[    3.097294] scsi target2:0:1: asynchronous
[    3.157530] sd 2:0:0:0: Attached scsi generic sg0 type 0
[    3.162376] sd 2:0:0:0: [sda] 20971520 512-byte logical blocks: (10.7 GB/10.0 GiB)
[    3.169955] sd 2:0:1:0: [sdb] 20480 512-byte logical blocks: (10.5 MB/10.0 MiB)
[    3.176138] sd 2:0:1:0: Attached scsi generic sg1 type 0
[    3.180722] sd 2:0:1:0: [sdb] Write Protect is off
[    3.183593] sd 2:0:0:0: [sda] Write Protect is off
[    3.186665] sd 2:0:1:0: [sdb] Incomplete mode parameter data
[    3.189195] sd 2:0:1:0: [sdb] Assuming drive cache: write through
[    3.191788] sd 2:0:0:0: [sda] Incomplete mode parameter data
[    3.193862] sd 2:0:0:0: [sda] Assuming drive cache: write through
[    3.198383]  sda: sda1
[    3.201165] sd 2:0:1:0: [sdb] Attached SCSI disk
[    3.203048] sd 2:0:0:0: [sda] Attached SCSI disk
[    3.850809] e1000 0000:00:08.0 eth1: (PCI:33MHz:32-bit) 08:00:27:53:89:49
[    3.858461] e1000 0000:00:08.0 eth1: Intel(R) PRO/1000 Network Connection
[    3.871326] e1000 0000:00:03.0 enp0s3: renamed from eth0
[    3.889906] e1000 0000:00:08.0 enp0s8: renamed from eth1
Begin: Loading essential drivers ... [    5.762968] md: linear personality registered for level -1
[    5.767114] md: multipath personality registered for level -4
[    5.771167] md: raid0 personality registered for level 0
[    5.777206] md: raid1 personality registered for level 1
[    5.847920] raid6: sse2x1   gen()  7075 MB/s
[    5.916128] raid6: sse2x1   xor()  4772 MB/s
[    5.984443] raid6: sse2x2   gen()  7893 MB/s
[    6.052770] raid6: sse2x2   xor()  5461 MB/s
[    6.120083] raid6: sse2x4   gen()  9054 MB/s
[    6.188452] raid6: sse2x4   xor()  5875 MB/s
[    6.256737] raid6: avx2x1   gen() 11327 MB/s
[    6.324064] raid6: avx2x2   gen() 14074 MB/s
[    6.392404] raid6: avx2x4   gen() 15125 MB/s
[    6.393763] raid6: using algorithm avx2x4 gen() 15125 MB/s
[    6.395618] raid6: using avx2x2 recovery algorithm
[    6.399760] xor: automatically using best checksumming function:
[    6.440281]    avx       : 20022.000 MB/sec
[    6.443889] async_tx: api initialized (async)
[    6.461312] md: raid6 personality registered for level 6
[    6.462982] md: raid5 personality registered for level 5
[    6.464769] md: raid4 personality registered for level 4
[    6.475355] md: raid10 personality registered for level 10
done.
Begin: Running /scripts/init-premount ... done.
Begin: Mounting root file system ... Begin: Running /scripts/local-top ... done.
Begin: Running /scripts/local-premount ... [    6.529397] Btrfs loaded
Scanning for Btrfs filesystems
done.
Warning: fsck not present, so skipping root file system
[    6.573972] EXT4-fs (sda1): mounted filesystem with ordered data mode. Opts: (null)
done.
Begin: Running /scripts/local-bottom ... done.
Begin: Running /scripts/init-bottom ... done.
[    6.714315] systemd[1]: systemd 229 running in system mode. (+PAM +AUDIT +SELINUX +IMA +APPARMOR +SMACK +SYSVINIT +UTMP +LIBCRYPTSETUP +GCRYPT +GNUTLS +ACL +XZ -LZ4 +SECCOMP +BLKID +ELFUTILS +KMOD -IDN)
[    6.718319] systemd[1]: Detected virtualization oracle.
[    6.719712] systemd[1]: Detected architecture x86-64.

Welcome to [1mUbuntu 16.04.6 LTS[0m!

[    6.729624] systemd[1]: Set hostname to <controller>.
[    6.968286] systemd[1]: Listening on Journal Socket (/dev/log).
[[0;32m  OK  [0m] Listening on Journal Socket (/dev/log).
[    6.971529] systemd[1]: Listening on Journal Socket.
[[0;32m  OK  [0m] Listening on Journal Socket.
[    7.025222] systemd[1]: Listening on udev Kernel Socket.
[[0;32m  OK  [0m] Listening on udev Kernel Socket.
[    7.043613] systemd[1]: Listening on Device-mapper event daemon FIFOs.
[[0;32m  OK  [0m] Listening on Device-mapper event daemon FIFOs.
[    7.071078] systemd[1]: Reached target Encrypted Volumes.
[[0;32m  OK  [0m] Reached target Encrypted Volumes.
[    7.089855] systemd[1]: Created slice System Slice.
[[0;32m  OK  [0m] Created slice System Slice.
[    7.112996] systemd[1]: Starting Uncomplicated firewall...
         Starting Uncomplicated firewall...
[    7.131794] systemd[1]: Created slice system-serial\x2dgetty.slice.
[[0;32m  OK  [0m] Created slice system-serial\x2dgetty.slice.
[    7.144379] systemd[1]: Listening on udev Control Socket.
[[0;32m  OK  [0m] Listening on udev Control Socket.
[    7.162731] systemd[1]: Listening on LVM2 metadata daemon socket.
[[0;32m  OK  [0m] Listening on LVM2 metadata daemon socket.
[    7.189696] systemd[1]: Starting Monitoring of LVM2 mirrors, snapshots etc. using dmeventd or progress polling...
         Starting Monitoring of LVM2 mirrors... dmeventd or progress polling...
[    7.212438] systemd[1]: Reached target System Time Synchronized.
[[0;32m  OK  [0m] Reached target System Time Synchronized.
[    7.258309] systemd[1]: Starting Nameserver information manager...
         Starting Nameserver information manager...
[    7.277326] systemd[1]: Reached target Swap.
[[0;32m  OK  [0m] Reached target Swap.
[    7.293556] systemd[1]: Listening on Journal Audit Socket.
[[0;32m  OK  [0m] Listening on Journal Audit Socket.
[    7.329703] systemd[1]: Starting Load Kernel Modules...
         Starting Load Kernel Modules...
[    7.349788] systemd[1]: Mounting Huge Pages File System...
         Mounting Huge Pages File System...
[    7.369686] systemd[1]: Started Forward Password Requests to Wall Directory Watch.
[[0;32m  OK  [0m] Started Forward Password Requests to Wall Directory Watch.
[    7.380438] systemd[1]: Listening on LVM2 poll daemon socket.
[    7.385608] Loading iSCSI transport class v2.0-870.
[[0;32m  OK  [0m] Listening on LVM2 poll daemon socket.
[    7.406197] iscsi: registered transport (tcp)
[    7.408155] systemd[1]: Mounting Debug File System...
         Mounting Debug File System...
[    7.418601] systemd[1]: Starting Remount Root and Kernel File Systems...
         Starting Remount Root and Kernel File Systems...
[    7.433954] EXT4-fs (sda1): re-mounted. Opts: (null)
[    7.434090] systemd[1]: Set up automount Arbitrary Executable File Formats File System Automount Point.
[[0;32m  OK  [0m] Set up automount Arbitrary Executab...ats File System Automount Point.
[    7.477679] systemd[1]: Starting Set console keymap...
         Starting Set console keymap...
[    7.496664] systemd[1]: Starting Create list of required static device nodes for the current kernel...
         Starting Create list of required st... nodes for the current kernel...
[    7.513976] systemd[1]: Listening on /dev/initctl Compatibility Named Pipe.
[[0;32m  OK  [0m] Listening on /dev/initctl Compatibility Named Pipe.
[    7.526569] systemd[1]: Mounting POSIX Message Queue File System...
         Mounting POSIX Message Queue File System...
[    7.539637] iscsi: registered transport (iser)
[    7.544326] systemd[1]: Started Trigger resolvconf update for networkd DNS.
[[0;32m  OK  [0m] Started Trigger resolvconf update for networkd DNS.
[    7.550977] systemd[1]: Created slice User and Session Slice.
[[0;32m  OK  [0m] Created slice User and Session Slice.
[    7.560381] systemd[1]: Reached target Slices.
[[0;32m  OK  [0m] Reached target Slices.
[    7.564030] systemd[1]: Reached target User and Group Name Lookups.
[[0;32m  OK  [0m] Reached target User and Group Name Lookups.
[    7.568679] systemd[1]: Listening on Syslog Socket.
[[0;32m  OK  [0m] Listening on Syslog Socket.
[    7.588730] systemd[1]: Starting Journal Service...
[    7.591469] random: nonblocking pool is initialized
         Starting Journal Service...
[    7.598919] systemd[1]: Mounted POSIX Message Queue File System.
[[0;32m  OK  [0m] Mounted POSIX Message Queue File System.
[    7.603805] systemd[1]: Mounted Huge Pages File System.
[[0;32m  OK  [0m] Mounted Huge Pages File System.
[    7.617555] systemd[1]: Mounted Debug File System.
[[0;32m  OK  [0m] Mounted Debug File System.
[    7.625470] systemd[1]: Started Uncomplicated firewall.
[[0;32m  OK  [0m] Started Uncomplicated firewall.
[    7.657295] systemd[1]: Started Load Kernel Modules.
[[0;32m  OK  [0m] Started Load Kernel Modules.
[    7.662889] systemd[1]: Started Remount Root and Kernel File Systems.
[[0;32m  OK  [0m] Started Remount Root and Kernel File Systems.
[    7.667382] systemd[1]: Started Set console keymap.
[[0;32m  OK  [0m] Started Set console keymap.
[    7.670341] systemd[1]: Started Create list of required static device nodes for the current kernel.
[[0;32m  OK  [0m] Started Create list of required sta...ce nodes for the current kernel.
[    7.675865] systemd[1]: Started Nameserver information manager.
[[0;32m  OK  [0m] Started Nameserver information manager.
[    7.683338] systemd[1]: Started Journal Service.
[[0;32m  OK  [0m] Started Journal Service.
[[0;32m  OK  [0m] Started LVM2 metadata daemon.
         Starting Create Static Device Nodes in /dev...
         Starting Load/Save Random Seed...
         Starting Flush Journal to Persistent Storage...
         Starting udev Coldplug all Devices...
         Mounting FUSE Control File System...
         Starting Apply Kernel Variables...
[[0;32m  OK  [0m] Mounted FUSE Control File System.
[[0;32m  OK  [0m] Started Load/Save Random Seed.
[[0;32m  OK  [0m] Started Create Static Device Nodes in /dev.
[[0;32m  OK  [0m] Started Apply Kernel Variables.
[[0;32m  OK  [0m] Started Flush Journal to Persistent Storage.
[[0;32m  OK  [0m] Started udev Coldplug all Devices.
         Starting udev Kernel Device Manager...
[[0;32m  OK  [0m] Started udev Kernel Device Manager.
[[0;32m  OK  [0m] Started Dispatch Password Requests to Console Directory Watch.
[[0;32m  OK  [0m] Started Monitoring of LVM2 mirrors,...ng dmeventd or progress polling.
[[0;32m  OK  [0m] Reached target Local File Systems (Pre).
[[0;32m  OK  [0m] Reached target Local File Systems.
         Starting LSB: AppArmor initialization...
         Starting Initial cloud-init job (pre-networking)...
         Starting Tell Plymouth To Write Out Runtime Data...
         Starting Create Volatile Files and Directories...
         Starting Set console font and keymap...
[[0;32m  OK  [0m] Found device /dev/ttyS0.
[[0;32m  OK  [0m] Started Tell Plymouth To Write Out Runtime Data.
[[0;32m  OK  [0m] Started Create Volatile Files and Directories.
         Starting Update UTMP about System Boot/Shutdown...
[[0;32m  OK  [0m] Started Update UTMP about System Boot/Shutdown.
[[0;32m  OK  [0m] Started LSB: AppArmor initialization.
[[0;32m  OK  [0m] Listening on Load/Save RF Kill Switch Status /dev/rfkill Watch.
[[0;32m  OK  [0m] Found device 82540EM Gigabit Ethern...r (PRO/1000 MT Desktop Adapter).
[[0;32m  OK  [0m] Found device 82540EM Gigabit Ethern...r (PRO/1000 MT Desktop Adapter).
[    9.493908] cloud-init[492]: Cloud-init v. 19.2-36-g059d049c-0ubuntu2~16.04.1 running 'init-local' at Fri, 10 Jan 2020 12:17:57 +0000. Up 8.96 seconds.
[[0;32m  OK  [0m] Started Initial cloud-init job (pre-networking).
[[0;32m  OK  [0m] Reached target Network (Pre).
         Starting Raise network interfaces...
[[0;32m  OK  [0m] Started ifup for enp0s8.
[[0;32m  OK  [0m] Started ifup for enp0s3.
[[0;32m  OK  [0m] Started Set console font and keymap.
[[0;32m  OK  [0m] Created slice system-getty.slice.
[[0;32m  OK  [0m] Started Raise network interfaces.
[[0;32m  OK  [0m] Reached target Network.
         Starting Initial cloud-init job (metadata service crawler)...
[   11.647989] cloud-init[1075]: Cloud-init v. 19.2-36-g059d049c-0ubuntu2~16.04.1 running 'init' at Fri, 10 Jan 2020 12:17:59 +0000. Up 11.09 seconds.
[   11.656408] cloud-init[1075]: ci-info: ++++++++++++++++++++++++++++++++++++++Net device info+++++++++++++++++++++++++++++++++++++++
[   11.659313] cloud-init[1075]: ci-info: +--------+------+-----------------------------+---------------+--------+-------------------+
[   11.661626] cloud-init[1075]: ci-info: | Device |  Up  |           Address           |      Mask     | Scope  |     Hw-Address    |
[   11.664713] cloud-init[1075]: ci-info: +--------+------+-----------------------------+---------------+--------+-------------------+
[   11.667410] cloud-init[1075]: ci-info: | enp0s3 | True |          10.0.2.15          | 255.255.255.0 | global | 02:95:cf:22:ea:76 |
[   11.670238] cloud-init[1075]: ci-info: | enp0s3 | True |  fe80::95:cfff:fe22:ea76/64 |       .       |  link  | 02:95:cf:22:ea:76 |
[   11.673342] cloud-init[1075]: ci-info: | enp0s8 | True |          10.0.123.3         | 255.255.255.0 | global | 08:00:27:53:89:49 |
[   11.680513] cloud-init[1075]: ci-info: | enp0s8 | True | fe80::a00:27ff:fe53:8949/64 |       .       |  link  | 08:00:27:53:89:49 |
[   11.684013] cloud-init[1075]: ci-info: |   lo   | True |          127.0.0.1          |   255.0.0.0   |  host  |         .         |
[   11.687137] cloud-init[1075]: ci-info: |   lo   | True |           ::1/128           |       .       |  host  |         .         |
[   11.696374] cloud-init[1075]: ci-info: +--------+------+-----------------------------+---------------+--------+-------------------+
[   11.698508] cloud-init[1075]: ci-info: +++++++++++++++++++++++++++Route IPv4 info++++++++++++++++++++++++++++
[   11.701019] cloud-init[1075]: ci-info: +-------+-------------+----------+---------------+-----------+-------+
[   11.702793] cloud-init[1075]: ci-info: | Route | Destination | Gateway  |    Genmask    | Interface | Flags |
[   11.704887] cloud-init[1075]: ci-info: +-------+-------------+----------+---------------+-----------+-------+
[   11.706983] cloud-init[1075]: ci-info: |   0   |   0.0.0.0   | 10.0.2.2 |    0.0.0.0    |   enp0s3  |   UG  |
[   11.708772] cloud-init[1075]: ci-info: |   1   |   10.0.2.0  | 0.0.0.0  | 255.255.255.0 |   enp0s3  |   U   |
[   11.710877] cloud-init[1075]: ci-info: |   2   |  10.0.123.0 | 0.0.0.0  | 255.255.255.0 |   enp0s8  |   U   |
[   11.715483] cloud-init[1075]: ci-info: +-------+-------------+----------+---------------+-----------+-------+
[   11.725632] cloud-init[1075]: ci-info: +++++++++++++++++++Route IPv6 info+++++++++++++++++++
[   11.725907] cloud-init[1075]: ci-info: +-------+-------------+---------+-----------+-------+
[   11.727699] cloud-init[1075]: ci-info: | Route | Destination | Gateway | Interface | Flags |
[[0;32m  OK  [0m] Started Initial cloud-init job (metadata service crawler).
[[   11.730492] cloud-init[1075]: ci-info: +-------+-------------+---------+-----------+-------+
[   11.735126] cloud-init[1075]: ci-info: |   0   |  fe80::/64  |    ::   |   enp0s8  |   U   |
[   11.735417] cloud-init[1075]: ci-info: |   1   |  fe80::/64  |    ::   |   enp0s3  |   U   |
[   11.735783] cloud-init[1075]: ci-info: |   5   |   ff00::/8  |    ::   |   enp0s8  |   U   |
[   11.735836] cloud-init[1075]: ci-info: |   6   |   ff00::/8  |    ::   |   enp0s3  |   U   |
[   11.736694] cloud-init[1075]: ci-info: +-------+-------------+---------+-----------+-------+
[0;32m  OK  [0m] Reached target Network is Online.
         Starting iSCSI initiator daemon (iscsid)...
[[0;32m  OK  [0m] Reached target Cloud-config availability.
[[0;32m  OK  [0m] Reached target System Initialization.
[[0;32m  OK  [0m] Listening on ACPID Listen Socket.
[[0;32m  OK  [0m] Listening on UUID daemon activation socket.
[[0;32m  OK  [0m] Listening on D-Bus System Message Bus Socket.
         Starting Socket activation for snappy daemon.
[[0;32m  OK  [0m] Started ACPI Events Check.
[[0;32m  OK  [0m] Reached target Paths.
         Starting LXD - unix socket.
[[0;32m  OK  [0m] Started Daily apt download activities.
[[0;32m  OK  [0m] Started Daily apt upgrade and clean activities.
[[0;32m  OK  [0m] Started Message of the Day.
[[0;32m  OK  [0m] Started Daily Cleanup of Temporary Directories.
[[0;32m  OK  [0m] Reached target Timers.
[[0;32m  OK  [0m] Listening on Socket activation for snappy daemon.
[[0;32m  OK  [0m] Listening on LXD - unix socket.
[[0;32m  OK  [0m] Started iSCSI initiator daemon (iscsid).
         Starting Login to default iSCSI targets...
[[0;32m  OK  [0m] Reached target Sockets.
[[0;32m  OK  [0m] Reached target Basic System.
         Starting LSB: Record successful boot for GRUB...
[[0;32m  OK  [0m] Started FUSE filesystem for LXC.
         Starting /etc/rc.local Compatibility...
[[0;32m  OK  [0m] Started Deferred execution scheduler.
         Starting Virtualbox guest utils...
[[0;32m  OK  [0m] Started Regular background program processing daemon.
         Starting Snappy daemon...
[[0;32m  OK  [0m] Started ACPI event daemon.
         Starting Accounts Service...
         Starting System Logging Service...
[[0;32m  OK  [0m] Started InfluxDB is an open-source, distributed, time series database.
         Starting LSB: MD monitoring daemon...
[[0;32m  OK  [0m] Started D-Bus System Message Bus.
         Starting LXD - container startup/shutdown...
         Starting Login Service...
         Starting Message of the Day...
         Starting OpenBSD Secure Shell server...
[[0;32m  OK  [0m] Started System Logging Service.
[[0;32m  OK  [0m] Started /etc/rc.local Compatibility.
[[0;32m  OK  [0m] Started OpenBSD Secure Shell server.
[[0;32m  OK  [0m] Started Login to default iSCSI targets.
[[0;32m  OK  [0m] Started LSB: Record successful boot for GRUB.
[[0;32m  OK  [0m] Started LXD - container startup/shutdown.
[[0;32m  OK  [0m] Started LSB: MD monitoring daemon.
         Starting Authenticate and Authorize Users to Run Privileged Tasks...
[[0;32m  OK  [0m] Reached target Remote File Systems (Pre).
[[0;32m  OK  [0m] Reached target Remote File Systems.
         Starting Permit User Sessions...
         Starting LSB: Set the CPU Frequency Scaling governor to "ondemand"...
         Starting LSB: automatic crash report generation...
         Starting LSB: daemon to balance interrupts for SMP systems...
[[0;32m  OK  [0m] Started Permit User Sessions.
[[0;32m  OK  [0m] Started Login Service.
[[0;32m  OK  [0m] Started Unattended Upgrades Shutdown.
         Starting Terminate Plymouth Boot Screen...
         Starting Hold until boot process finishes up...
[[0;32m  OK  [0m] Started LSB: Set the CPU Frequency Scaling governor to "ondemand".
[[0;32m  OK  [0m] Started LSB: daemon to balance interrupts for SMP systems.
[[0;32m  OK  [0m] Started Hold until boot process finishes up.
[[0;32m  OK  [0m] Started Terminate Plymouth Boot Screen.
[[0;32m  OK  [0m] Started Authenticate and Authorize Users to Run Privileged Tasks.
[[0;32m  OK  [0m] Started Virtualbox guest utils.
[[0;32m  OK  [0m] Started Accounts Service.
[[0;32m  OK  [0m] Started Serial Getty on ttyS0.
[[0;32m  OK  [0m] Started Getty on tty1.
[[0;32m  OK  [0m] Reached target Login Prompts.
         Starting Set console scheme...
[[0;32m  OK  [0m] Started Snappy daemon.
[[0;32m  OK  [0m] Started LSB: automatic crash report generation.
[[0;32m  OK  [0m] Started Set console scheme.
         Starting Wait until snapd is fully seeded...
[[0;32m  OK  [0m] Created slice User Slice of vagrant.
         Starting User Manager for UID 1000...
[[0;32m  OK  [0m] Started Session 1 of user vagrant.
[[0;32m  OK  [0m] Started Wait until snapd is fully seeded.
[[0;32m  OK  [0m] Reached target Multi-User System.
[[0;32m  OK  [0m] Reached target Graphical Interface.
         Starting Update UTMP about System Runlevel Changes...
         Starting Apply the settings specified in cloud-config...
[[0;32m  OK  [0m] Started User Manager for UID 1000.
[[0;32m  OK  [0m] Started Update UTMP about System Runlevel Changes.
[   14.325602] cloud-init[1386]: Cloud-init v. 19.2-36-g059d049c-0ubuntu2~16.04.1 running 'modules:config' at Fri, 10 Jan 2020 12:18:02 +0000. Up 14.07 seconds.
[[0;32m  OK  [0m] Started Apply the settings specified in cloud-config.
         Starting Execute cloud user/final scripts...
[   15.618941] cloud-init[1469]: Cloud-init v. 19.2-36-g059d049c-0ubuntu2~16.04.1 running 'modules:final' at Fri, 10 Jan 2020 12:18:03 +0000. Up 15.31 seconds.
[   15.623011] cloud-init[1469]: Cloud-init v. 19.2-36-g059d049c-0ubuntu2~16.04.1 finished at Fri, 10 Jan 2020 12:18:03 +0000. Datasource DataSourceNoCloud [seed=/dev/sdb][dsmode=net].  Up 15.59 seconds
[[0;32m  OK  [0m] Started Execute cloud user/final scripts.
[[0;32m  OK  [0m] Reached target Cloud-init target.

Ubuntu 16.04.6 LTS controller ttyS0

controller login: 